--------------------------------------------------------------------------------
ModelTest-NG v0.2.0

Input data:
  MSA:        E:\NEW PROJECTS\BUKU PYBIO\KODE\Bab 7\TRIMMED SEQS\Trimmed COX1 Bovines DNA.fasta
  Tree:       Maximum likelihood
    file:           -
  #taxa:            10
  #sites:           1545
  #patterns:        90
  Max. thread mem:  0 MB

Output:
  Log:           E:\NEW PROJECTS\BUKU PYBIO\KODE\Bab 7\MODEL REPORTS\Model Evolusi COX1 Bovines DNA.log
  Starting tree: E:\NEW PROJECTS\BUKU PYBIO\KODE\Bab 7\MODEL REPORTS\Model Evolusi COX1 Bovines DNA.tree
  Results:       E:\NEW PROJECTS\BUKU PYBIO\KODE\Bab 7\MODEL REPORTS\Model Evolusi COX1 Bovines DNA.out

Selection options:
  # dna schemes:      11
  # dna models:       88
  include model parameters:
    Uniform:         true
    p-inv (+I):      true
    gamma (+G):      true
    both (+I+G):     true
    free rates (+R): false
    fixed freqs:     true
    estimated freqs: true
    #categories:     4
  gamma rates mode:   mean
  asc bias:           none
  epsilon (opt):      0.01
  epsilon (par):      0.05
  keep branches:      false

Additional options:
  verbosity:        very low
  threads:          1/1
  RNG seed:         12345
  subtree repeats:  enabled
--------------------------------------------------------------------------------

BIC       model              K            lnL          score          delta    weight
--------------------------------------------------------------------------------
       1  TIM2+I             7     -4090.8683      8357.9634         0.0000    0.5023
       2  TIM2+G4            7     -4090.9804      8358.1875         0.2241    0.4490
       3  TPM2uf+I           6     -4097.0804      8363.0447         5.0813    0.0396
       4  TIM2+I+G4          8     -4092.0821      8367.7336         9.7702    0.0038
       5  GTR+I              9     -4089.4744      8369.8611        11.8978    0.0013
       6  GTR+G4             9     -4089.4923      8369.8969        11.9335    0.0013
       7  TPM2uf+G4          6     -4100.5084      8369.9007        11.9374    0.0013
       8  HKY+I              5     -4104.5348      8370.6107        12.6473    0.0009
       9  HKY+G4             5     -4105.6627      8372.8666        14.9032    0.0003
      10  TrN+G4             6     -4103.4765      8375.8370        17.8736    0.0001
--------------------------------------------------------------------------------
Best model according to BIC
---------------------------
Model:              TIM2+I
lnL:                -4090.8683
Frequencies:        0.2829 0.2664 0.1605 0.2903
Subst. Rates:       8.0266 35.7119 8.0266 1.0000 100.0000 1.0000 
Inv. sites prop:    0.6448
Gamma shape:        -
Score:              8357.9634
Weight:             0.5023
---------------------------
Parameter importances
---------------------------
P.Inv:              0.5442
Gamma:              0.4520
Gamma-Inv:          0.0039
Frequencies:        1.0000
---------------------------
Model averaged estimates
---------------------------
P.Inv:              0.6483
Alpha:              0.1490
Alpha-P.Inv:        1.7929
P.Inv-Alpha:        0.5688
Frequencies:        0.2844 0.2661 0.1586 0.2909 

Commands:
  > phyml  -i E:\NEW PROJECTS\BUKU PYBIO\KODE\Bab 7\TRIMMED SEQS\Trimmed COX1 Bovines DNA.fasta -m 010232 -f m -v e -a 0 -c 1 -o tlr
  > raxmlHPC-SSE3 -s E:\NEW PROJECTS\BUKU PYBIO\KODE\Bab 7\TRIMMED SEQS\Trimmed COX1 Bovines DNA.fasta -c 1 -m GTRCATIX -n EXEC_NAME -p PARSIMONY_SEED
  > raxml-ng --msa E:\NEW PROJECTS\BUKU PYBIO\KODE\Bab 7\TRIMMED SEQS\Trimmed COX1 Bovines DNA.fasta --model TIM2+I
  > paup -s E:\NEW PROJECTS\BUKU PYBIO\KODE\Bab 7\TRIMMED SEQS\Trimmed COX1 Bovines DNA.fasta
  > iqtree -s E:\NEW PROJECTS\BUKU PYBIO\KODE\Bab 7\TRIMMED SEQS\Trimmed COX1 Bovines DNA.fasta -m TIM2+I

AIC       model              K            lnL          score          delta    weight
--------------------------------------------------------------------------------
       1  TIM2+I             7     -4090.8683      8229.7367         0.0000    0.3051
       2  TIM2+G4            7     -4090.9804      8229.9608         0.2241    0.2728
       3  GTR+I              9     -4089.4744      8230.9489         1.2122    0.1664
       4  GTR+G4             9     -4089.4923      8230.9846         1.2479    0.1635
       5  GTR+I+G4          10     -4089.5521      8233.1042         3.3675    0.0567
       6  TIM2+I+G4          8     -4092.0821      8234.1641         4.4275    0.0333
       7  TPM2uf+I           6     -4097.0804      8240.1608        10.4241    0.0017
       8  TVM+I              8     -4096.3364      8242.6729        12.9362    0.0005
       9  TPM2uf+G4          6     -4100.5084      8247.0168        17.2801    0.0001
      10  TVM+G4             8     -4099.8416      8249.6832        19.9465    0.0000
--------------------------------------------------------------------------------
Best model according to AIC
---------------------------
Model:              TIM2+I
lnL:                -4090.8683
Frequencies:        0.2829 0.2664 0.1605 0.2903
Subst. Rates:       8.0266 35.7119 8.0266 1.0000 100.0000 1.0000 
Inv. sites prop:    0.6448
Gamma shape:        -
Score:              8229.7367
Weight:             0.3051
---------------------------
Parameter importances
---------------------------
P.Inv:              0.4737
Gamma:              0.4363
Gamma-Inv:          0.0900
Frequencies:        1.0000
---------------------------
Model averaged estimates
---------------------------
P.Inv:              0.6563
Alpha:              0.1471
Alpha-P.Inv:        1.9952
P.Inv-Alpha:        0.6046
Frequencies:        0.2844 0.2660 0.1591 0.2905 

Commands:
  > phyml  -i E:\NEW PROJECTS\BUKU PYBIO\KODE\Bab 7\TRIMMED SEQS\Trimmed COX1 Bovines DNA.fasta -m 010232 -f m -v e -a 0 -c 1 -o tlr
  > raxmlHPC-SSE3 -s E:\NEW PROJECTS\BUKU PYBIO\KODE\Bab 7\TRIMMED SEQS\Trimmed COX1 Bovines DNA.fasta -c 1 -m GTRCATIX -n EXEC_NAME -p PARSIMONY_SEED
  > raxml-ng --msa E:\NEW PROJECTS\BUKU PYBIO\KODE\Bab 7\TRIMMED SEQS\Trimmed COX1 Bovines DNA.fasta --model TIM2+I
  > paup -s E:\NEW PROJECTS\BUKU PYBIO\KODE\Bab 7\TRIMMED SEQS\Trimmed COX1 Bovines DNA.fasta
  > iqtree -s E:\NEW PROJECTS\BUKU PYBIO\KODE\Bab 7\TRIMMED SEQS\Trimmed COX1 Bovines DNA.fasta -m TIM2+I

AICc      model              K            lnL          score          delta    weight
--------------------------------------------------------------------------------
       1  TIM2+I             7     -4090.8683      8229.7367         0.0000    0.3051
       2  TIM2+G4            7     -4090.9804      8229.9608         0.2241    0.2728
       3  GTR+I              9     -4089.4744      8230.9489         1.2122    0.1664
       4  GTR+G4             9     -4089.4923      8230.9846         1.2479    0.1635
       5  GTR+I+G4          10     -4089.5521      8233.1042         3.3675    0.0567
       6  TIM2+I+G4          8     -4092.0821      8234.1641         4.4275    0.0333
       7  TPM2uf+I           6     -4097.0804      8240.1608        10.4241    0.0017
       8  TVM+I              8     -4096.3364      8242.6729        12.9362    0.0005
       9  TPM2uf+G4          6     -4100.5084      8247.0168        17.2801    0.0001
      10  TVM+G4             8     -4099.8416      8249.6832        19.9465    0.0000
--------------------------------------------------------------------------------
Best model according to AICc
---------------------------
Model:              TIM2+I
lnL:                -4090.8683
Frequencies:        0.2829 0.2664 0.1605 0.2903
Subst. Rates:       8.0266 35.7119 8.0266 1.0000 100.0000 1.0000 
Inv. sites prop:    0.6448
Gamma shape:        -
Score:              8229.7367
Weight:             0.3051
---------------------------
Parameter importances
---------------------------
P.Inv:              0.4737
Gamma:              0.4363
Gamma-Inv:          0.0900
Frequencies:        1.0000
---------------------------
Model averaged estimates
---------------------------
P.Inv:              0.6563
Alpha:              0.1471
Alpha-P.Inv:        1.9952
P.Inv-Alpha:        0.6046
Frequencies:        0.2844 0.2660 0.1591 0.2905 

Commands:
  > phyml  -i E:\NEW PROJECTS\BUKU PYBIO\KODE\Bab 7\TRIMMED SEQS\Trimmed COX1 Bovines DNA.fasta -m 010232 -f m -v e -a 0 -c 1 -o tlr
  > raxmlHPC-SSE3 -s E:\NEW PROJECTS\BUKU PYBIO\KODE\Bab 7\TRIMMED SEQS\Trimmed COX1 Bovines DNA.fasta -c 1 -m GTRCATIX -n EXEC_NAME -p PARSIMONY_SEED
  > raxml-ng --msa E:\NEW PROJECTS\BUKU PYBIO\KODE\Bab 7\TRIMMED SEQS\Trimmed COX1 Bovines DNA.fasta --model TIM2+I
  > paup -s E:\NEW PROJECTS\BUKU PYBIO\KODE\Bab 7\TRIMMED SEQS\Trimmed COX1 Bovines DNA.fasta
  > iqtree -s E:\NEW PROJECTS\BUKU PYBIO\KODE\Bab 7\TRIMMED SEQS\Trimmed COX1 Bovines DNA.fasta -m TIM2+I
Done
