--------------------------------------------------------------------------------
ModelTest-NG v0.2.0

Input data:
  MSA:        E:\NEW PROJECTS\BUKU PYBIO\KODE\Bab 7\TRIMMED SEQS\Trimmed COX1 Bovines Protein.fasta
  Tree:       Maximum likelihood
    file:           -
  #taxa:            10
  #sites:           514
  #patterns:        30
  Max. thread mem:  0 MB

Output:
  Log:           E:\NEW PROJECTS\BUKU PYBIO\KODE\Bab 7\MODEL REPORTS\Model Evolusi COX1 Bovines Protein.log
  Starting tree: E:\NEW PROJECTS\BUKU PYBIO\KODE\Bab 7\MODEL REPORTS\Model Evolusi COX1 Bovines Protein.tree
  Results:       E:\NEW PROJECTS\BUKU PYBIO\KODE\Bab 7\MODEL REPORTS\Model Evolusi COX1 Bovines Protein.out

Selection options:
  # protein matrices: 19
  # protein models:   152
  include model parameters:
    Uniform:         true
    p-inv (+I):      true
    gamma (+G):      true
    both (+I+G):     true
    free rates (+R): false
    fixed freqs:     true
    estimated freqs: false
    #categories:     4
  gamma rates mode:   mean
  asc bias:           none
  epsilon (opt):      0.01
  epsilon (par):      0.05
  keep branches:      false

Additional options:
  verbosity:        very low
  threads:          1/1
  RNG seed:         12345
  subtree repeats:  enabled
--------------------------------------------------------------------------------

BIC       model              K            lnL          score          delta    weight
--------------------------------------------------------------------------------
       1  MTZOA              0     -1553.8528      3213.8235         0.0000    0.3556
       2  MTZOA+I            1     -1550.8192      3213.9983         0.1749    0.3258
       3  MTMAM              0     -1554.9793      3216.0764         2.2529    0.1153
       4  MTZOA+G4           1     -1552.1092      3216.5785         2.7550    0.0897
       5  MTREV              0     -1556.2192      3218.5561         4.7327    0.0334
       6  MTMAM+G4           1     -1553.1628      3218.6856         4.8621    0.0313
       7  MTMAM+I            1     -1553.6115      3219.5831         5.7596    0.0200
       8  MTZOA+I+G4         2     -1550.6954      3219.9931         6.1697    0.0163
       9  MTREV+I            1     -1554.7156      3221.7912         7.9677    0.0066
      10  MTREV+G4           1     -1555.0581      3222.4763         8.6528    0.0047
--------------------------------------------------------------------------------
Best model according to BIC
---------------------------
Model:              MTZOA
lnL:                -1553.8528
Frequencies:        0.0689 0.0210 0.0304 0.0207 0.0100 0.0186 0.0250 0.0720 0.0268 0.0851 0.1567 0.0193 0.0507 0.0817 0.0448 0.0805 0.0564 0.0280 0.0374 0.0661
Inv. sites prop:    -
Gamma shape:        -
Score:              3213.8235
Weight:             0.3556
---------------------------
Parameter importances
---------------------------
P.Inv:              0.3525
Gamma:              0.1257
Gamma-Inv:          0.0174
Frequencies:        0.0000
---------------------------
Model averaged estimates
---------------------------
P.Inv:              0.9155
Alpha:              0.0219
Alpha-P.Inv:        0.5072
P.Inv-Alpha:        0.8698
Frequencies:        0.0778 0.0156 0.0366 0.0309 0.0019 0.0117 0.0175 0.0914 0.0331 0.0737 0.1154 0.0175 0.0652 0.0817 0.0547 0.0591 0.0739 0.0331 0.0370 0.0722 

Commands:
  > phyml  -i E:\NEW PROJECTS\BUKU PYBIO\KODE\Bab 7\TRIMMED SEQS\Trimmed COX1 Bovines Protein.fasta -d aa -m MTZOA -f m -v 0 -a 0 -c 1 -o tlr
  > raxmlHPC-SSE3 -s E:\NEW PROJECTS\BUKU PYBIO\KODE\Bab 7\TRIMMED SEQS\Trimmed COX1 Bovines Protein.fasta -m PROTGAMMAMTZOA -n EXEC_NAME -p PARSIMONY_SEED
  > raxml-ng --msa E:\NEW PROJECTS\BUKU PYBIO\KODE\Bab 7\TRIMMED SEQS\Trimmed COX1 Bovines Protein.fasta --model MTZOA
  > paup -s E:\NEW PROJECTS\BUKU PYBIO\KODE\Bab 7\TRIMMED SEQS\Trimmed COX1 Bovines Protein.fasta
  > iqtree -s E:\NEW PROJECTS\BUKU PYBIO\KODE\Bab 7\TRIMMED SEQS\Trimmed COX1 Bovines Protein.fasta -m MTZOA

AIC       model              K            lnL          score          delta    weight
--------------------------------------------------------------------------------
       1  FLU+I+F           20     -1529.3345      3132.6689         0.0000    0.1140
       2  MTMAM+I+F         20     -1529.4738      3132.9477         0.2788    0.0992
       3  FLU+G4+F          20     -1529.5754      3133.1509         0.4820    0.0896
       4  FLU+F             19     -1530.6659      3133.3318         0.6629    0.0819
       5  MTMAM+G4+F        20     -1529.7699      3133.5398         0.8709    0.0738
       6  MTMAM+F           19     -1530.9074      3133.8149         1.1460    0.0643
       7  MTREV+I+F         20     -1530.1625      3134.3250         1.6561    0.0498
       8  CPREV+I+F         20     -1530.2506      3134.5012         1.8323    0.0456
       9  FLU+I+G4+F        21     -1529.3700      3134.7399         2.0710    0.0405
      10  CPREV+G4+F        20     -1530.4278      3134.8555         2.1866    0.0382
--------------------------------------------------------------------------------
Best model according to AIC
---------------------------
Model:              FLU+I+F
lnL:                -1529.3345
Frequencies:        0.0778 0.0156 0.0366 0.0309 0.0019 0.0117 0.0175 0.0914 0.0331 0.0737 0.1154 0.0175 0.0652 0.0817 0.0547 0.0591 0.0739 0.0331 0.0370 0.0722
Inv. sites prop:    0.8751
Gamma shape:        -
Score:              3132.6689
Weight:             0.1140
---------------------------
Parameter importances
---------------------------
P.Inv:              0.3600
Gamma:              0.2695
Gamma-Inv:          0.1302
Frequencies:        0.9800
---------------------------
Model averaged estimates
---------------------------
P.Inv:              0.8781
Alpha:              0.0215
Alpha-P.Inv:        0.9660
P.Inv-Alpha:        0.7997
Frequencies:        0.0778 0.0156 0.0366 0.0309 0.0019 0.0117 0.0175 0.0914 0.0331 0.0737 0.1154 0.0175 0.0652 0.0817 0.0547 0.0591 0.0739 0.0331 0.0370 0.0722 

Commands:
  > phyml  -i E:\NEW PROJECTS\BUKU PYBIO\KODE\Bab 7\TRIMMED SEQS\Trimmed COX1 Bovines Protein.fasta -d aa -m FLU -f e -v e -a 0 -c 1 -o tlr
  > raxmlHPC-SSE3 -s E:\NEW PROJECTS\BUKU PYBIO\KODE\Bab 7\TRIMMED SEQS\Trimmed COX1 Bovines Protein.fasta -m PROTGAMMAIFLUF -n EXEC_NAME -p PARSIMONY_SEED
  > raxml-ng --msa E:\NEW PROJECTS\BUKU PYBIO\KODE\Bab 7\TRIMMED SEQS\Trimmed COX1 Bovines Protein.fasta --model FLU+I+FC
  > paup -s E:\NEW PROJECTS\BUKU PYBIO\KODE\Bab 7\TRIMMED SEQS\Trimmed COX1 Bovines Protein.fasta
  > iqtree -s E:\NEW PROJECTS\BUKU PYBIO\KODE\Bab 7\TRIMMED SEQS\Trimmed COX1 Bovines Protein.fasta -m FLU+I+F

AICc      model              K            lnL          score          delta    weight
--------------------------------------------------------------------------------
       1  FLU+I+F           20     -1529.3345      3137.6689         0.0000    0.1058
       2  MTMAM+I+F         20     -1529.4738      3137.9477         0.2788    0.0920
       3  FLU+G4+F          20     -1529.5754      3138.1509         0.4820    0.0831
       4  FLU+F             19     -1530.6659      3138.3318         0.6629    0.0759
       5  MTMAM+G4+F        20     -1529.7699      3138.5398         0.8709    0.0684
       6  MTZOA+I            1     -1550.8192      3138.6383         0.9694    0.0652
       7  MTMAM+F           19     -1530.9074      3138.8149         1.1460    0.0596
       8  MTREV+I+F         20     -1530.1625      3139.3250         1.6561    0.0462
       9  CPREV+I+F         20     -1530.2506      3139.5012         1.8323    0.0423
      10  CPREV+G4+F        20     -1530.4278      3139.8555         2.1866    0.0355
--------------------------------------------------------------------------------
Best model according to AICc
---------------------------
Model:              FLU+I+F
lnL:                -1529.3345
Frequencies:        0.0778 0.0156 0.0366 0.0309 0.0019 0.0117 0.0175 0.0914 0.0331 0.0737 0.1154 0.0175 0.0652 0.0817 0.0547 0.0591 0.0739 0.0331 0.0370 0.0722
Inv. sites prop:    0.8751
Gamma shape:        -
Score:              3137.6689
Weight:             0.1058
---------------------------
Parameter importances
---------------------------
P.Inv:              0.3949
Gamma:              0.2718
Gamma-Inv:          0.0999
Frequencies:        0.8632
---------------------------
Model averaged estimates
---------------------------
P.Inv:              0.8838
Alpha:              0.0215
Alpha-P.Inv:        0.8435
P.Inv-Alpha:        0.8185
Frequencies:        0.0778 0.0156 0.0366 0.0309 0.0019 0.0117 0.0175 0.0914 0.0331 0.0737 0.1154 0.0175 0.0652 0.0817 0.0547 0.0591 0.0739 0.0331 0.0370 0.0722 

Commands:
  > phyml  -i E:\NEW PROJECTS\BUKU PYBIO\KODE\Bab 7\TRIMMED SEQS\Trimmed COX1 Bovines Protein.fasta -d aa -m FLU -f e -v e -a 0 -c 1 -o tlr
  > raxmlHPC-SSE3 -s E:\NEW PROJECTS\BUKU PYBIO\KODE\Bab 7\TRIMMED SEQS\Trimmed COX1 Bovines Protein.fasta -m PROTGAMMAIFLUF -n EXEC_NAME -p PARSIMONY_SEED
  > raxml-ng --msa E:\NEW PROJECTS\BUKU PYBIO\KODE\Bab 7\TRIMMED SEQS\Trimmed COX1 Bovines Protein.fasta --model FLU+I+FC
  > paup -s E:\NEW PROJECTS\BUKU PYBIO\KODE\Bab 7\TRIMMED SEQS\Trimmed COX1 Bovines Protein.fasta
  > iqtree -s E:\NEW PROJECTS\BUKU PYBIO\KODE\Bab 7\TRIMMED SEQS\Trimmed COX1 Bovines Protein.fasta -m FLU+I+F
Done
