Physical cores: 1
Logical cores:  2
Memory:         5.89GB
Extensions:     SSE3 

[warning] Partition DATA: Sequences Bos_taurus_isolate_PRI18_(JQ967333.1_5688-7232) and Bos_taurus_isolate_115_(KJ789953.1_5702-7246) are identical
[warning] Partition DATA: Sequences Bos_taurus_isolate_PRI18_(JQ967333.1_5688-7232) and Bos_taurus_isolate_7_(KF163065.1_5690-7234) are identical
Validating binary checkpoint
OK!
--------------------------------------------------------------------------------
ModelTest-NG v0.2.0

Input data:
  MSA:        E:\NEW PROJECTS\BUKU PYBIO\KODE\Bab 7\TRIMMED SEQS\Trimmed COX1 Bovines DNA.fasta
  Tree:       Maximum likelihood
    file:           -
  #taxa:            10
  #sites:           1545
  #patterns:        90
  Max. thread mem:  0 MB

Output:
  Log:           E:\NEW PROJECTS\BUKU PYBIO\KODE\Bab 7\MODEL REPORTS\Model Evolusi COX1 Bovines DNA.log
  Starting tree: E:\NEW PROJECTS\BUKU PYBIO\KODE\Bab 7\MODEL REPORTS\Model Evolusi COX1 Bovines DNA.tree
  Results:       E:\NEW PROJECTS\BUKU PYBIO\KODE\Bab 7\MODEL REPORTS\Model Evolusi COX1 Bovines DNA.out

Selection options:
  # dna schemes:      11
  # dna models:       88
  include model parameters:
    Uniform:         true
    p-inv (+I):      true
    gamma (+G):      true
    both (+I+G):     true
    free rates (+R): false
    fixed freqs:     true
    estimated freqs: true
    #categories:     4
  gamma rates mode:   mean
  asc bias:           none
  epsilon (opt):      0.01
  epsilon (par):      0.05
  keep branches:      false

Additional options:
  verbosity:        very low
  threads:          1/1
  RNG seed:         12345
  subtree repeats:  enabled
--------------------------------------------------------------------------------
modeltest-ng was called as follows: 
>> modeltest-ng -d nt -t ml -s 11 -i E:\NEW PROJECTS\BUKU PYBIO\KODE\Bab 7\TRIMMED SEQS\Trimmed COX1 Bovines DNA.fasta -o E:\NEW PROJECTS\BUKU PYBIO\KODE\Bab 7\MODEL REPORTS\Model Evolusi COX1 Bovines DNA --force 


Partition 1/1

    1/88   JC             0h:00:00   0h:00:01           -4460.4536       -       -
    2/88   JC+I           0h:00:00   0h:00:01           -4411.3319       -  0.5907
    3/88   JC+G4          0h:00:00   0h:00:01           -4413.3148  0.3162       -
    4/88   JC+I+G4        0h:00:00   0h:00:01           -4413.5335  1.3130  0.4256
    5/88   F81            0h:00:00   0h:00:01           -4394.8823       -       -
    6/88   F81+I          0h:00:00   0h:00:01           -4338.3096       -  0.6224
    7/88   F81+G4         0h:00:00   0h:00:01           -4340.3194  0.2741       -
    8/88   F81+I+G4       0h:00:00   0h:00:01           -4340.7942  1.1638  0.4459
    9/88   K80            0h:00:00   0h:00:01           -4281.9510       -       -
   10/88   K80+I          0h:00:00   0h:00:01           -4182.4931       -  0.7052
   11/88   K80+G4         0h:00:00   0h:00:01           -4186.0438  0.0874       -
   12/88   K80+I+G4       0h:00:00   0h:00:01           -4195.5071  0.7838  0.5556
   13/88   HKY            0h:00:00   0h:00:01           -4214.7977       -       -
   14/88   HKY+I          0h:00:00   0h:00:01           -4104.5348       -  0.6847
   15/88   HKY+G4         0h:00:00   0h:00:01           -4105.6627  0.0856       -
   16/88   HKY+I+G4       0h:00:00   0h:00:01           -4104.3782 92.8232  0.6868
   17/88   TrNef          0h:00:00   0h:00:01           -4248.5276       -       -
   18/88   TrNef+I        0h:00:00   0h:00:01           -4162.2858       -  0.6448
   19/88   TrNef+G4       0h:00:00   0h:00:01           -4162.1101  0.1559       -
   20/88   TrNef+I+G4     0h:00:00   0h:00:01           -4161.7964  1.1465  0.5825
   21/88   TrN            0h:00:00   0h:00:01           -4202.0499       -       -
   22/88   TrN+I          0h:00:00   0h:00:01           -4104.0962       -  0.6849
   23/88   TrN+G4         0h:00:00   0h:00:01           -4103.4765  0.1167       -
   24/88   TrN+I+G4       0h:00:00   0h:00:01           -4105.2266  0.6185  0.5616
   25/88   TPM2           0h:00:00   0h:00:01           -4245.1251       -       -
   26/88   TPM2+I         0h:00:00   0h:00:01           -4165.3365       -  0.6770
   27/88   TPM2+G4        0h:00:00   0h:00:01           -4168.7736  0.1535       -
   28/88   TPM2+I+G4      0h:00:00   0h:00:01           -4171.7936  1.0394  0.5067
   29/88   TPM2uf         0h:00:00   0h:00:01           -4190.0697       -       -
   30/88   TPM2uf+I       0h:00:00   0h:00:01           -4097.0804       -  0.6911
   31/88   TPM2uf+G4      0h:00:00   0h:00:01           -4100.5084  0.0972       -
   32/88   TPM2uf+I+G4    0h:00:00   0h:00:01           -4107.8675  0.6561  0.5030
   33/88   TPM3           0h:00:00   0h:00:01           -4281.1230       -       -
   34/88   TPM3+I         0h:00:00   0h:00:01           -4187.6418       -  0.7109
   35/88   TPM3+G4        0h:00:00   0h:00:01           -4185.7733  0.0836       -
   36/88   TPM3+I+G4      0h:00:00   0h:00:01           -4182.3501 94.2104  0.7136
   37/88   TPM3uf         0h:00:00   0h:00:01           -4213.5363       -       -
   38/88   TPM3uf+I       0h:00:00   0h:00:01           -4106.6702       -  0.7109
   39/88   TPM3uf+G4      0h:00:00   0h:00:01           -4105.5300  0.0835       -
   40/88   TPM3uf+I+G4    0h:00:00   0h:00:01           -4106.3396  8.8291  0.6925
   41/88   TPM1           0h:00:00   0h:00:01           -4281.8126       -       -
   42/88   TPM1+I         0h:00:00   0h:00:01           -4183.4228       -  0.7109
   43/88   TPM1+G4        0h:00:00   0h:00:01           -4187.1252  0.0807       -
   44/88   TPM1+I+G4      0h:00:00   0h:00:01           -4183.4687 93.2385  0.7060
   45/88   TPM1uf         0h:00:00   0h:00:01           -4214.5194       -       -
   46/88   TPM1uf+I       0h:00:00   0h:00:01           -4104.1984       -  0.7072
   47/88   TPM1uf+G4      0h:00:00   0h:00:01           -4106.3003  0.0818       -
   48/88   TPM1uf+I+G4    0h:00:00   0h:00:01           -4104.6721 93.8365  0.6912
   49/88   TIM2ef         0h:00:00   0h:00:01           -4212.0927       -       -
   50/88   TIM2ef+I       0h:00:00   0h:00:01           -4131.2400       -  0.6448
   51/88   TIM2ef+G4      0h:00:00   0h:00:01           -4133.7102  0.1817       -
   52/88   TIM2ef+I+G4    0h:00:00   0h:00:01           -4134.3288  1.4778  0.5468
   53/88   TIM2           0h:00:00   0h:00:01           -4177.2968       -       -
   54/88   TIM2+I         0h:00:00   0h:00:01           -4090.8683       -  0.6448
   55/88   TIM2+G4        0h:00:00   0h:00:01           -4090.9804  0.1492       -
   56/88   TIM2+I+G4      0h:00:00   0h:00:01           -4092.0821  1.1321  0.5675
   57/88   TIM3ef         0h:00:00   0h:00:01           -4247.7220       -       -
   58/88   TIM3ef+I       0h:00:00   0h:00:01           -4162.3093       -  0.6448
   59/88   TIM3ef+G4      0h:00:00   0h:00:01           -4162.1937  0.1538       -
   60/88   TIM3ef+I+G4    0h:00:00   0h:00:01           -4161.8248  1.2156  0.5840
   61/88   TIM3           0h:00:00   0h:00:01           -4200.7930       -       -
   62/88   TIM3+I         0h:00:00   0h:00:01           -4104.2444       -  0.6814
   63/88   TIM3+G4        0h:00:00   0h:00:01           -4103.4220  0.1134       -
   64/88   TIM3+I+G4      0h:00:00   0h:00:01           -4104.7181  1.2505  0.6274
   65/88   TIM1ef         0h:00:00   0h:00:01           -4248.4010       -       -
   66/88   TIM1ef+I       0h:00:00   0h:00:01           -4162.0704       -  0.6510
   67/88   TIM1ef+G4      0h:00:00   0h:00:01           -4162.0536  0.1508       -
   68/88   TIM1ef+I+G4    0h:00:00   0h:00:01           -4162.1837  0.9639  0.5626
   69/88   TIM1           0h:00:00   0h:00:01           -4201.7962       -       -
   70/88   TIM1+I         0h:00:00   0h:00:01           -4104.1480       -  0.6815
   71/88   TIM1+G4        0h:00:00   0h:00:01           -4103.1174  0.1089       -
   72/88   TIM1+I+G4      0h:00:00   0h:00:01           -4104.5615  1.1813  0.6283
   73/88   TVMef          0h:00:00   0h:00:01           -4244.5730       -       -
   74/88   TVMef+I        0h:00:00   0h:00:01           -4164.9170       -  0.6795
   75/88   TVMef+G4       0h:00:00   0h:00:01           -4167.7208  0.1570       -
   76/88   TVMef+I+G4     0h:00:00   0h:00:01           -4170.4693  1.1185  0.5206
   77/88   TVM            0h:00:00   0h:00:01           -4188.7297       -       -
   78/88   TVM+I          0h:00:00   0h:00:01           -4096.3364       -  0.6827
   79/88   TVM+G4         0h:00:00   0h:00:01           -4099.8416  0.0949       -
   80/88   TVM+I+G4       0h:00:00   0h:00:01           -4107.0514  0.9521  0.5579
   81/88   SYM            0h:00:00   0h:00:01           -4211.4931       -       -
   82/88   SYM+I          0h:00:00   0h:00:01           -4129.0357       -  0.6448
   83/88   SYM+G4         0h:00:00   0h:00:01           -4132.3963  0.1690       -
   84/88   SYM+I+G4       0h:00:00   0h:00:01           -4131.4026  1.8851  0.5783
   85/88   GTR            0h:00:00   0h:00:01           -4175.8763       -       -
   86/88   GTR+I          0h:00:00   0h:00:01           -4089.4744       -  0.6770
   87/88   GTR+G4         0h:00:00   0h:00:01           -4089.4923  0.1435       -
   88/88   GTR+I+G4       0h:00:00   0h:00:01           -4089.5521  2.5009  0.6265
 ----ID---  ----MODEL---- ---Time--- -Elapsed--- -------LnL------- -Alpha- -P-inv-

Computation of likelihood scores completed. It took 0h:00:01

BIC       model              K            lnL          score          delta    weight
--------------------------------------------------------------------------------
       1  TIM2+I             7     -4090.8683      8357.9634         0.0000    0.5023
       2  TIM2+G4            7     -4090.9804      8358.1875         0.2241    0.4490
       3  TPM2uf+I           6     -4097.0804      8363.0447         5.0813    0.0396
       4  TIM2+I+G4          8     -4092.0821      8367.7336         9.7702    0.0038
       5  GTR+I              9     -4089.4744      8369.8611        11.8978    0.0013
       6  GTR+G4             9     -4089.4923      8369.8969        11.9335    0.0013
       7  TPM2uf+G4          6     -4100.5084      8369.9007        11.9374    0.0013
       8  HKY+I              5     -4104.5348      8370.6107        12.6473    0.0009
       9  HKY+G4             5     -4105.6627      8372.8666        14.9032    0.0003
      10  TrN+G4             6     -4103.4765      8375.8370        17.8736    0.0001
--------------------------------------------------------------------------------
Best model according to BIC
---------------------------
Model:              TIM2+I
lnL:                -4090.8683
Frequencies:        0.2829 0.2664 0.1605 0.2903
Subst. Rates:       8.0266 35.7119 8.0266 1.0000 100.0000 1.0000 
Inv. sites prop:    0.6448
Gamma shape:        -
Score:              8357.9634
Weight:             0.5023
---------------------------
Parameter importances
---------------------------
P.Inv:              0.5442
Gamma:              0.4520
Gamma-Inv:          0.0039
Frequencies:        1.0000
---------------------------
Model averaged estimates
---------------------------
P.Inv:              0.6483
Alpha:              0.1490
Alpha-P.Inv:        1.7929
P.Inv-Alpha:        0.5688
Frequencies:        0.2844 0.2661 0.1586 0.2909 

Commands:
  > phyml  -i E:\NEW PROJECTS\BUKU PYBIO\KODE\Bab 7\TRIMMED SEQS\Trimmed COX1 Bovines DNA.fasta -m 010232 -f m -v e -a 0 -c 1 -o tlr
  > raxmlHPC-SSE3 -s E:\NEW PROJECTS\BUKU PYBIO\KODE\Bab 7\TRIMMED SEQS\Trimmed COX1 Bovines DNA.fasta -c 1 -m GTRCATIX -n EXEC_NAME -p PARSIMONY_SEED
  > raxml-ng --msa E:\NEW PROJECTS\BUKU PYBIO\KODE\Bab 7\TRIMMED SEQS\Trimmed COX1 Bovines DNA.fasta --model TIM2+I
  > paup -s E:\NEW PROJECTS\BUKU PYBIO\KODE\Bab 7\TRIMMED SEQS\Trimmed COX1 Bovines DNA.fasta
  > iqtree -s E:\NEW PROJECTS\BUKU PYBIO\KODE\Bab 7\TRIMMED SEQS\Trimmed COX1 Bovines DNA.fasta -m TIM2+I

AIC       model              K            lnL          score          delta    weight
--------------------------------------------------------------------------------
       1  TIM2+I             7     -4090.8683      8229.7367         0.0000    0.3051
       2  TIM2+G4            7     -4090.9804      8229.9608         0.2241    0.2728
       3  GTR+I              9     -4089.4744      8230.9489         1.2122    0.1664
       4  GTR+G4             9     -4089.4923      8230.9846         1.2479    0.1635
       5  GTR+I+G4          10     -4089.5521      8233.1042         3.3675    0.0567
       6  TIM2+I+G4          8     -4092.0821      8234.1641         4.4275    0.0333
       7  TPM2uf+I           6     -4097.0804      8240.1608        10.4241    0.0017
       8  TVM+I              8     -4096.3364      8242.6729        12.9362    0.0005
       9  TPM2uf+G4          6     -4100.5084      8247.0168        17.2801    0.0001
      10  TVM+G4             8     -4099.8416      8249.6832        19.9465    0.0000
--------------------------------------------------------------------------------
Best model according to AIC
---------------------------
Model:              TIM2+I
lnL:                -4090.8683
Frequencies:        0.2829 0.2664 0.1605 0.2903
Subst. Rates:       8.0266 35.7119 8.0266 1.0000 100.0000 1.0000 
Inv. sites prop:    0.6448
Gamma shape:        -
Score:              8229.7367
Weight:             0.3051
---------------------------
Parameter importances
---------------------------
P.Inv:              0.4737
Gamma:              0.4363
Gamma-Inv:          0.0900
Frequencies:        1.0000
---------------------------
Model averaged estimates
---------------------------
P.Inv:              0.6563
Alpha:              0.1471
Alpha-P.Inv:        1.9952
P.Inv-Alpha:        0.6046
Frequencies:        0.2844 0.2660 0.1591 0.2905 

Commands:
  > phyml  -i E:\NEW PROJECTS\BUKU PYBIO\KODE\Bab 7\TRIMMED SEQS\Trimmed COX1 Bovines DNA.fasta -m 010232 -f m -v e -a 0 -c 1 -o tlr
  > raxmlHPC-SSE3 -s E:\NEW PROJECTS\BUKU PYBIO\KODE\Bab 7\TRIMMED SEQS\Trimmed COX1 Bovines DNA.fasta -c 1 -m GTRCATIX -n EXEC_NAME -p PARSIMONY_SEED
  > raxml-ng --msa E:\NEW PROJECTS\BUKU PYBIO\KODE\Bab 7\TRIMMED SEQS\Trimmed COX1 Bovines DNA.fasta --model TIM2+I
  > paup -s E:\NEW PROJECTS\BUKU PYBIO\KODE\Bab 7\TRIMMED SEQS\Trimmed COX1 Bovines DNA.fasta
  > iqtree -s E:\NEW PROJECTS\BUKU PYBIO\KODE\Bab 7\TRIMMED SEQS\Trimmed COX1 Bovines DNA.fasta -m TIM2+I

AICc      model              K            lnL          score          delta    weight
--------------------------------------------------------------------------------
       1  TIM2+I             7     -4090.8683      8229.7367         0.0000    0.3051
       2  TIM2+G4            7     -4090.9804      8229.9608         0.2241    0.2728
       3  GTR+I              9     -4089.4744      8230.9489         1.2122    0.1664
       4  GTR+G4             9     -4089.4923      8230.9846         1.2479    0.1635
       5  GTR+I+G4          10     -4089.5521      8233.1042         3.3675    0.0567
       6  TIM2+I+G4          8     -4092.0821      8234.1641         4.4275    0.0333
       7  TPM2uf+I           6     -4097.0804      8240.1608        10.4241    0.0017
       8  TVM+I              8     -4096.3364      8242.6729        12.9362    0.0005
       9  TPM2uf+G4          6     -4100.5084      8247.0168        17.2801    0.0001
      10  TVM+G4             8     -4099.8416      8249.6832        19.9465    0.0000
--------------------------------------------------------------------------------
Best model according to AICc
---------------------------
Model:              TIM2+I
lnL:                -4090.8683
Frequencies:        0.2829 0.2664 0.1605 0.2903
Subst. Rates:       8.0266 35.7119 8.0266 1.0000 100.0000 1.0000 
Inv. sites prop:    0.6448
Gamma shape:        -
Score:              8229.7367
Weight:             0.3051
---------------------------
Parameter importances
---------------------------
P.Inv:              0.4737
Gamma:              0.4363
Gamma-Inv:          0.0900
Frequencies:        1.0000
---------------------------
Model averaged estimates
---------------------------
P.Inv:              0.6563
Alpha:              0.1471
Alpha-P.Inv:        1.9952
P.Inv-Alpha:        0.6046
Frequencies:        0.2844 0.2660 0.1591 0.2905 

Commands:
  > phyml  -i E:\NEW PROJECTS\BUKU PYBIO\KODE\Bab 7\TRIMMED SEQS\Trimmed COX1 Bovines DNA.fasta -m 010232 -f m -v e -a 0 -c 1 -o tlr
  > raxmlHPC-SSE3 -s E:\NEW PROJECTS\BUKU PYBIO\KODE\Bab 7\TRIMMED SEQS\Trimmed COX1 Bovines DNA.fasta -c 1 -m GTRCATIX -n EXEC_NAME -p PARSIMONY_SEED
  > raxml-ng --msa E:\NEW PROJECTS\BUKU PYBIO\KODE\Bab 7\TRIMMED SEQS\Trimmed COX1 Bovines DNA.fasta --model TIM2+I
  > paup -s E:\NEW PROJECTS\BUKU PYBIO\KODE\Bab 7\TRIMMED SEQS\Trimmed COX1 Bovines DNA.fasta
  > iqtree -s E:\NEW PROJECTS\BUKU PYBIO\KODE\Bab 7\TRIMMED SEQS\Trimmed COX1 Bovines DNA.fasta -m TIM2+I

There are 7 different topologies
Topologies written to E:\NEW PROJECTS\BUKU PYBIO\KODE\Bab 7\MODEL REPORTS\Model Evolusi COX1 Bovines DNA.topos

topo_id   models_count   bic_support   aic_support   aicc_support
-----------------------------------------------------------------
      1             78       0.99995       1.00000       1.00000
      3              4       0.00004       0.00000       0.00000
      2              1       0.00001       0.00000       0.00000
      7              1       0.00000       0.00000       0.00000
      5              1       0.00000       0.00000       0.00000
      6              2       0.00000       0.00000       0.00000
      4              1       0.00000       0.00000       0.00000

extended majority-rule consensus: ((Capra_hircus_(KR866125.1_5328-6872),Capra_hircus_(KP231536.1_6696-8240))[1.00000],(Tragulus_javanicus_(LC060942.1_5336-6880),(Bos_taurus_isolate_Bos34_(EU177818.1_5693-7237),(Bos_taurus_isolate_3_(KF163061.1_5690-7234),(Bos_taurus_isolate_7_(KF163065.1_5690-7234),(Bos_taurus_isolate_115_(KJ789953.1_5702-7246),Bos_taurus_isolate_PRI18_(JQ967333.1_5688-7232))[0.99996])[0.99999])[0.99999])[1.00000])[1.00000],(Ovis_aries_(MH841968.1_5340-6884),Ovis_aries_(MH841966.1_5340-6884))[1.00000]);
strict consensus: ((Capra_hircus_(KR866125.1_5328-6872),Capra_hircus_(KP231536.1_6696-8240))[1.00000],(Tragulus_javanicus_(LC060942.1_5336-6880),(Bos_taurus_isolate_7_(KF163065.1_5690-7234),Bos_taurus_isolate_3_(KF163061.1_5690-7234),Bos_taurus_isolate_115_(KJ789953.1_5702-7246),Bos_taurus_isolate_Bos34_(EU177818.1_5693-7237),Bos_taurus_isolate_PRI18_(JQ967333.1_5688-7232))[1.00000])[1.00000],(Ovis_aries_(MH841968.1_5340-6884),Ovis_aries_(MH841966.1_5340-6884))[1.00000]);

Summary:

Partition 1/1:
                         Model         Score        Weight
----------------------------------------------------------
       BIC              TIM2+I     8357.9634        0.5023
       AIC              TIM2+I     8229.7367        0.3051
      AICc              TIM2+I     8229.7367        0.3051

Execution results written to E:\NEW PROJECTS\BUKU PYBIO\KODE\Bab 7\MODEL REPORTS\Model Evolusi COX1 Bovines DNA.out
Starting tree written to E:\NEW PROJECTS\BUKU PYBIO\KODE\Bab 7\MODEL REPORTS\Model Evolusi COX1 Bovines DNA.tree
