Physical cores: 1
Logical cores:  2
Memory:         5.89GB
Extensions:     SSE3 

[warning] Partition DATA: Sequences Bos_taurus_isolate_PRI18_(AFK75886.1) and Bos_taurus_isolate_Bos34_(ABV70246.1) are identical
[warning] Partition DATA: Sequences Bos_taurus_isolate_PRI18_(AFK75886.1) and Bos_taurus_isolate_115_(AIL54376.1) are identical
[warning] Partition DATA: Sequences Bos_taurus_isolate_PRI18_(AFK75886.1) and Bos_taurus_isolate_7_(AGU00472.1) are identical
[warning] Partition DATA: Sequences Ovis_aries_(QAU56428.1) and Ovis_aries_(QAU56454.1) are identical
Creating new checkpoint file: E:\NEW PROJECTS\BUKU PYBIO\KODE\Bab 7\MODEL REPORTS\Model Evolusi COX1 Bovines Protein.ckp
--------------------------------------------------------------------------------
ModelTest-NG v0.2.0

Input data:
  MSA:        E:\NEW PROJECTS\BUKU PYBIO\KODE\Bab 7\TRIMMED SEQS\Trimmed COX1 Bovines Protein.fasta
  Tree:       Maximum likelihood
    file:           -
  #taxa:            10
  #sites:           514
  #patterns:        30
  Max. thread mem:  0 MB

Output:
  Log:           E:\NEW PROJECTS\BUKU PYBIO\KODE\Bab 7\MODEL REPORTS\Model Evolusi COX1 Bovines Protein.log
  Starting tree: E:\NEW PROJECTS\BUKU PYBIO\KODE\Bab 7\MODEL REPORTS\Model Evolusi COX1 Bovines Protein.tree
  Results:       E:\NEW PROJECTS\BUKU PYBIO\KODE\Bab 7\MODEL REPORTS\Model Evolusi COX1 Bovines Protein.out

Selection options:
  # protein matrices: 19
  # protein models:   152
  include model parameters:
    Uniform:         true
    p-inv (+I):      true
    gamma (+G):      true
    both (+I+G):     true
    free rates (+R): false
    fixed freqs:     true
    estimated freqs: false
    #categories:     4
  gamma rates mode:   mean
  asc bias:           none
  epsilon (opt):      0.01
  epsilon (par):      0.05
  keep branches:      false

Additional options:
  verbosity:        very low
  threads:          1/1
  RNG seed:         12345
  subtree repeats:  enabled
--------------------------------------------------------------------------------
modeltest-ng was called as follows: 
>> modeltest-ng -d aa -t ml -i E:\NEW PROJECTS\BUKU PYBIO\KODE\Bab 7\TRIMMED SEQS\Trimmed COX1 Bovines Protein.fasta -o E:\NEW PROJECTS\BUKU PYBIO\KODE\Bab 7\MODEL REPORTS\Model Evolusi COX1 Bovines Protein --force 


Partition 1/1

    1/152  DAYHOFF        0h:00:00   0h:00:00           -1643.5542       -       -
    2/152  DAYHOFF+I      0h:00:00   0h:00:00           -1641.4741       -  0.9188
    3/152  DAYHOFF+G4     0h:00:01   0h:00:01           -1642.2437  0.0212       -
    4/152  DAYHOFF+I+G4   0h:00:01   0h:00:02           -1641.4677  0.7290  0.8751
    5/152  DAYHOFF+F      0h:00:00   0h:00:02           -1536.1053       -       -
    6/152  DAYHOFF+I+F    0h:00:00   0h:00:02           -1534.3605       -  0.9188
    7/152  DAYHOFF+G4+F   0h:00:01   0h:00:03           -1534.8876  0.0213       -
    8/152  DAYHOFF+I+G4+F 0h:00:01   0h:00:04           -1534.3915  1.6251  0.8751
    9/152  LG             0h:00:00   0h:00:04           -1624.6959       -       -
   10/152  LG+I           0h:00:00   0h:00:04           -1623.0742       -  0.9188
   11/152  LG+G4          0h:00:00   0h:00:04           -1623.5165  0.0213       -
   12/152  LG+I+G4        0h:00:01   0h:00:05           -1623.0939  0.4396  0.7955
   13/152  LG+F           0h:00:00   0h:00:05           -1535.5140       -       -
   14/152  LG+I+F         0h:00:00   0h:00:05           -1533.9569       -  0.9188
   15/152  LG+G4+F        0h:00:01   0h:00:06           -1534.3505  0.0213       -
   16/152  LG+I+G4+F      0h:00:01   0h:00:07           -1533.9752  0.5068  0.7955
   17/152  DCMUT          0h:00:00   0h:00:07           -1643.5250       -       -
   18/152  DCMUT+I        0h:00:00   0h:00:07           -1641.4620       -  0.9188
   19/152  DCMUT+G4       0h:00:01   0h:00:08           -1642.2195  0.0212       -
   20/152  DCMUT+I+G4     0h:00:00   0h:00:08           -1641.4583  0.7290  0.8751
   21/152  DCMUT+F        0h:00:00   0h:00:08           -1536.0771       -       -
   22/152  DCMUT+I+F      0h:00:00   0h:00:08           -1534.3451       -  0.9188
   23/152  DCMUT+G4+F     0h:00:00   0h:00:09           -1534.8630  0.0213       -
   24/152  DCMUT+I+G4+F   0h:00:01   0h:00:10           -1534.3751  1.6323  0.8751
   25/152  JTT            0h:00:00   0h:00:10           -1614.1003       -       -
   26/152  JTT+I          0h:00:00   0h:00:10           -1612.6759       -  0.8751
   27/152  JTT+G4         0h:00:01   0h:00:11           -1612.9801  0.0215       -
   28/152  JTT+I+G4       0h:00:00   0h:00:11           -1612.6775  0.6958  0.7955
   29/152  JTT+F          0h:00:00   0h:00:11           -1532.9274       -       -
   30/152  JTT+I+F        0h:00:01   0h:00:12           -1531.6304       -  0.8751
   31/152  JTT+G4+F       0h:00:00   0h:00:12           -1531.8601  0.0216       -
   32/152  JTT+I+G4+F     0h:00:01   0h:00:13           -1531.6528  1.1000  0.7955
   33/152  MTREV          0h:00:00   0h:00:13           -1556.2192       -       -
   34/152  MTREV+I        0h:00:00   0h:00:13           -1554.7156       -  0.8751
   35/152  MTREV+G4       0h:00:01   0h:00:14           -1555.0581  0.0214       -
   36/152  MTREV+I+G4     0h:00:01   0h:00:15           -1554.7258  0.6256  0.7955
   37/152  MTREV+F        0h:00:00   0h:00:15           -1531.6578       -       -
   38/152  MTREV+I+F      0h:00:00   0h:00:15           -1530.1625       -  0.8751
   39/152  MTREV+G4+F     0h:00:00   0h:00:15           -1530.5008  0.0214       -
   40/152  MTREV+I+G4+F   0h:00:01   0h:00:16           -1530.1694  0.6698  0.7955
   41/152  WAG            0h:00:00   0h:00:16           -1618.9487       -       -
   42/152  WAG+I          0h:00:00   0h:00:16           -1617.4329       -  0.9188
   43/152  WAG+G4         0h:00:01   0h:00:17           -1617.7966  0.0214       -
   44/152  WAG+I+G4       0h:00:01   0h:00:18           -1617.4299  0.5631  0.7955
   45/152  WAG+F          0h:00:00   0h:00:18           -1534.7068       -       -
   46/152  WAG+I+F        0h:00:00   0h:00:18           -1533.2991       -  0.8751
   47/152  WAG+G4+F       0h:00:01   0h:00:19           -1533.5936  0.0215       -
   48/152  WAG+I+G4+F     0h:00:00   0h:00:19           -1533.3152  0.7390  0.7955
   49/152  RTREV          0h:00:00   0h:00:19           -1635.8074       -       -
   50/152  RTREV+I        0h:00:00   0h:00:19           -1634.2161       -  0.9188
   51/152  RTREV+G4       0h:00:01   0h:00:20           -1634.6317  0.0213       -
   52/152  RTREV+I+G4     0h:00:01   0h:00:21           -1634.2327  0.5068  0.7955
   53/152  RTREV+F        0h:00:00   0h:00:21           -1534.3388       -       -
   54/152  RTREV+I+F      0h:00:00   0h:00:21           -1532.8312       -  0.9188
   55/152  RTREV+G4+F     0h:00:01   0h:00:22           -1533.1851  0.0214       -
   56/152  RTREV+I+G4+F   0h:00:00   0h:00:22           -1532.8335  0.5631  0.7955
   57/152  CPREV          0h:00:00   0h:00:22           -1594.2390       -       -
   58/152  CPREV+I        0h:00:01   0h:00:23           -1592.9896       -  0.8751
   59/152  CPREV+G4       0h:00:00   0h:00:23           -1593.1913  0.0217       -
   60/152  CPREV+I+G4     0h:00:01   0h:00:24           -1593.0068  1.2291  0.7955
   61/152  CPREV+F        0h:00:00   0h:00:24           -1531.4581       -       -
   62/152  CPREV+I+F      0h:00:00   0h:00:24           -1530.2506       -  0.8751
   63/152  CPREV+G4+F     0h:00:01   0h:00:25           -1530.4278  0.0217       -
   64/152  CPREV+I+G4+F   0h:00:01   0h:00:26           -1530.2682  1.4009  0.7955
   65/152  VT             0h:00:00   0h:00:26           -1617.0092       -       -
   66/152  VT+I           0h:00:00   0h:00:26           -1615.5933       -  0.8751
   67/152  VT+G4          0h:00:01   0h:00:27           -1615.8937  0.0215       -
   68/152  VT+I+G4        0h:00:01   0h:00:28           -1615.5981  0.7035  0.7955
   69/152  VT+F           0h:00:00   0h:00:28           -1534.6210       -       -
   70/152  VT+I+F         0h:00:00   0h:00:28           -1533.2844       -  0.8751
   71/152  VT+G4+F        0h:00:00   0h:00:28           -1533.5389  0.0215       -
   72/152  VT+I+G4+F      0h:00:01   0h:00:29           -1533.3059  0.9620  0.7955
   73/152  BLOSUM62       0h:00:00   0h:00:29           -1611.7347       -       -
   74/152  BLOSUM62+I     0h:00:01   0h:00:30           -1610.1292       -  0.9188
   75/152  BLOSUM62+G4    0h:00:00   0h:00:30           -1610.5596  0.0213       -
   76/152  BLOSUM62+I+G4  0h:00:01   0h:00:31           -1610.1510  0.4561  0.7955
   77/152  BLOSUM62+F     0h:00:00   0h:00:31           -1536.6129       -       -
   78/152  BLOSUM62+I+F   0h:00:00   0h:00:31           -1535.0463       -  0.9188
   79/152  BLOSUM62+G4+F  0h:00:01   0h:00:32           -1535.4467  0.0213       -
   80/152  BLOSUM62+I+G4+F0h:00:01   0h:00:33           -1535.0684  0.5068  0.7955
   81/152  MTMAM          0h:00:00   0h:00:33           -1554.9793       -       -
   82/152  MTMAM+I        0h:00:00   0h:00:33           -1553.6115       -  0.8751
   83/152  MTMAM+G4       0h:00:01   0h:00:34           -1553.1628  0.0215       -
   84/152  MTMAM+I+G4     0h:00:01   0h:00:35           -1553.6362  0.9900  0.7955
   85/152  MTMAM+F        0h:00:00   0h:00:35           -1530.9074       -       -
   86/152  MTMAM+I+F      0h:00:00   0h:00:35           -1529.4738       -  0.8751
   87/152  MTMAM+G4+F     0h:00:01   0h:00:36           -1529.7699  0.0214       -
   88/152  MTMAM+I+G4+F   0h:00:01   0h:00:37           -1529.4908  0.7575  0.7955
   89/152  MTART          0h:00:00   0h:00:37           -1561.9556       -       -
   90/152  MTART+I        0h:00:00   0h:00:37           -1558.6259       -  0.9078
   91/152  MTART+G4       0h:00:01   0h:00:38           -1560.1604  0.0220       -
   92/152  MTART+I+G4     0h:00:01   0h:00:39           -1558.1053  0.3293  0.8751
   93/152  MTART+F        0h:00:00   0h:00:39           -1540.4085       -       -
   94/152  MTART+I+F      0h:00:00   0h:00:39           -1536.8515       -  0.9236
   95/152  MTART+G4+F     0h:00:01   0h:00:40           -1538.6448  0.0220       -
   96/152  MTART+I+G4+F   0h:00:01   0h:00:41           -1536.5211  0.3088  0.8751
   97/152  MTZOA          0h:00:00   0h:00:41           -1553.8528       -       -
   98/152  MTZOA+I        0h:00:00   0h:00:41           -1550.8192       -  0.9188
   99/152  MTZOA+G4       0h:00:01   0h:00:42           -1552.1092  0.0221       -
  100/152  MTZOA+I+G4     0h:00:01   0h:00:43           -1550.6954  0.4798  0.8751
  101/152  MTZOA+F        0h:00:00   0h:00:43           -1538.2565       -       -
  102/152  MTZOA+I+F      0h:00:00   0h:00:43           -1535.2595       -  0.9188
  103/152  MTZOA+G4+F     0h:00:01   0h:00:44           -1536.5395  0.0221       -
  104/152  MTZOA+I+G4+F   0h:00:01   0h:00:45           -1535.1263  0.4599  0.8751
  105/152  PMB            0h:00:00   0h:00:45           -1608.9612       -       -
  106/152  PMB+I          0h:00:00   0h:00:45           -1607.4743       -  0.9188
  107/152  PMB+G4         0h:00:00   0h:00:45           -1607.8175  0.0214       -
  108/152  PMB+I+G4       0h:00:01   0h:00:46           -1607.4731  0.6180  0.7955
  109/152  PMB+F          0h:00:00   0h:00:46           -1536.3340       -       -
  110/152  PMB+I+F        0h:00:00   0h:00:46           -1534.8663       -  0.8751
  111/152  PMB+G4+F       0h:00:01   0h:00:47           -1535.1956  0.0214       -
  112/152  PMB+I+G4+F     0h:00:01   0h:00:48           -1534.8721  0.6257  0.7955
  113/152  HIVB           0h:00:00   0h:00:48           -1636.9449       -       -
  114/152  HIVB+I         0h:00:00   0h:00:48           -1635.1661       -  0.9188
  115/152  HIVB+G4        0h:00:01   0h:00:49           -1635.7268  0.0213       -
  116/152  HIVB+I+G4      0h:00:01   0h:00:50           -1635.1709  1.1213  0.8751
  117/152  HIVB+F         0h:00:00   0h:00:50           -1534.9443       -       -
  118/152  HIVB+I+F       0h:00:00   0h:00:50           -1533.3189       -  0.9188
  119/152  HIVB+G4+F      0h:00:01   0h:00:51           -1533.7556  0.0213       -
  120/152  HIVB+I+G4+F    0h:00:01   0h:00:52           -1533.3217  0.4561  0.7955
  121/152  HIVW           0h:00:00   0h:00:52           -1660.8172       -       -
  122/152  HIVW+I         0h:00:00   0h:00:52           -1657.1379       -  0.9188
  123/152  HIVW+G4        0h:00:02   0h:00:54           -1658.2716  0.0212       -
  124/152  HIVW+I+G4      0h:00:01   0h:00:55           -1657.1433  0.7975  0.8751
  125/152  HIVW+F         0h:00:00   0h:00:55           -1535.1401       -       -
  126/152  HIVW+I+F       0h:00:00   0h:00:55           -1532.3744       -  0.9188
  127/152  HIVW+G4+F      0h:00:01   0h:00:56           -1533.2908  0.0212       -
  128/152  HIVW+I+G4+F    0h:00:01   0h:00:57           -1532.3767  1.1787  0.8751
  129/152  JTT-DCMUT      0h:00:00   0h:00:57           -1614.9152       -       -
  130/152  JTT-DCMUT+I    0h:00:00   0h:00:57           -1613.4666       -  0.8751
  131/152  JTT-DCMUT+G4   0h:00:01   0h:00:58           -1613.7845  0.0214       -
  132/152  JTT-DCMUT+I+G4 0h:00:01   0h:00:59           -1613.4632  0.6702  0.7955
  133/152  JTT-DCMUT+F    0h:00:00   0h:00:59           -1533.1218       -       -
  134/152  JTT-DCMUT+I+F  0h:00:00   0h:00:59           -1531.8062       -  0.8751
  135/152  JTT-DCMUT+G4+F 0h:00:01   0h:01:00           -1532.0466  0.0216       -
  136/152  JTT-DCMUT+I+G4+F0h:00:00   0h:01:00           -1531.8282  1.0000  0.7955
  137/152  FLU            0h:00:00   0h:01:00           -1631.7224       -       -
  138/152  FLU+I          0h:00:00   0h:01:01           -1630.3509       -  0.8751
  139/152  FLU+G4         0h:00:00   0h:01:01           -1630.6212  0.0215       -
  140/152  FLU+I+G4       0h:00:01   0h:01:02           -1630.3700  0.9000  0.7955
  141/152  FLU+F          0h:00:00   0h:01:02           -1530.6659       -       -
  142/152  FLU+I+F        0h:00:01   0h:01:03           -1529.3345       -  0.8751
  143/152  FLU+G4+F       0h:00:00   0h:01:03           -1529.5754  0.0215       -
  144/152  FLU+I+G4+F     0h:00:01   0h:01:04           -1529.3700  1.1508  0.7955
  145/152  STMTREV        0h:00:00   0h:01:04           -1623.8057       -       -
  146/152  STMTREV+I      0h:00:00   0h:01:04           -1621.8498       -  0.9188
  147/152  STMTREV+G4     0h:00:01   0h:01:05           -1622.5370  0.0212       -
  148/152  STMTREV+I+G4   0h:00:01   0h:01:06           -1621.8537  0.8550  0.8751
  149/152  STMTREV+F      0h:00:00   0h:01:06           -1536.1218       -       -
  150/152  STMTREV+I+F    0h:00:00   0h:01:06           -1534.4434       -  0.9188
  151/152  STMTREV+G4+F   0h:00:01   0h:01:07           -1534.9238  0.0213       -
  152/152  STMTREV+I+G4+F 0h:00:01   0h:01:08           -1534.4517  1.7041  0.8751
 ----ID---  ----MODEL---- ---Time--- -Elapsed--- -------LnL------- -Alpha- -P-inv-

Computation of likelihood scores completed. It took 0h:01:08

BIC       model              K            lnL          score          delta    weight
--------------------------------------------------------------------------------
       1  MTZOA              0     -1553.8528      3213.8235         0.0000    0.3556
       2  MTZOA+I            1     -1550.8192      3213.9983         0.1749    0.3258
       3  MTMAM              0     -1554.9793      3216.0764         2.2529    0.1153
       4  MTZOA+G4           1     -1552.1092      3216.5785         2.7550    0.0897
       5  MTREV              0     -1556.2192      3218.5561         4.7327    0.0334
       6  MTMAM+G4           1     -1553.1628      3218.6856         4.8621    0.0313
       7  MTMAM+I            1     -1553.6115      3219.5831         5.7596    0.0200
       8  MTZOA+I+G4         2     -1550.6954      3219.9931         6.1697    0.0163
       9  MTREV+I            1     -1554.7156      3221.7912         7.9677    0.0066
      10  MTREV+G4           1     -1555.0581      3222.4763         8.6528    0.0047
--------------------------------------------------------------------------------
Best model according to BIC
---------------------------
Model:              MTZOA
lnL:                -1553.8528
Frequencies:        0.0689 0.0210 0.0304 0.0207 0.0100 0.0186 0.0250 0.0720 0.0268 0.0851 0.1567 0.0193 0.0507 0.0817 0.0448 0.0805 0.0564 0.0280 0.0374 0.0661
Inv. sites prop:    -
Gamma shape:        -
Score:              3213.8235
Weight:             0.3556
---------------------------
Parameter importances
---------------------------
P.Inv:              0.3525
Gamma:              0.1257
Gamma-Inv:          0.0174
Frequencies:        0.0000
---------------------------
Model averaged estimates
---------------------------
P.Inv:              0.9155
Alpha:              0.0219
Alpha-P.Inv:        0.5072
P.Inv-Alpha:        0.8698
Frequencies:        0.0778 0.0156 0.0366 0.0309 0.0019 0.0117 0.0175 0.0914 0.0331 0.0737 0.1154 0.0175 0.0652 0.0817 0.0547 0.0591 0.0739 0.0331 0.0370 0.0722 

Commands:
  > phyml  -i E:\NEW PROJECTS\BUKU PYBIO\KODE\Bab 7\TRIMMED SEQS\Trimmed COX1 Bovines Protein.fasta -d aa -m MTZOA -f m -v 0 -a 0 -c 1 -o tlr
  > raxmlHPC-SSE3 -s E:\NEW PROJECTS\BUKU PYBIO\KODE\Bab 7\TRIMMED SEQS\Trimmed COX1 Bovines Protein.fasta -m PROTGAMMAMTZOA -n EXEC_NAME -p PARSIMONY_SEED
  > raxml-ng --msa E:\NEW PROJECTS\BUKU PYBIO\KODE\Bab 7\TRIMMED SEQS\Trimmed COX1 Bovines Protein.fasta --model MTZOA
  > paup -s E:\NEW PROJECTS\BUKU PYBIO\KODE\Bab 7\TRIMMED SEQS\Trimmed COX1 Bovines Protein.fasta
  > iqtree -s E:\NEW PROJECTS\BUKU PYBIO\KODE\Bab 7\TRIMMED SEQS\Trimmed COX1 Bovines Protein.fasta -m MTZOA

AIC       model              K            lnL          score          delta    weight
--------------------------------------------------------------------------------
       1  FLU+I+F           20     -1529.3345      3132.6689         0.0000    0.1140
       2  MTMAM+I+F         20     -1529.4738      3132.9477         0.2788    0.0992
       3  FLU+G4+F          20     -1529.5754      3133.1509         0.4820    0.0896
       4  FLU+F             19     -1530.6659      3133.3318         0.6629    0.0819
       5  MTMAM+G4+F        20     -1529.7699      3133.5398         0.8709    0.0738
       6  MTMAM+F           19     -1530.9074      3133.8149         1.1460    0.0643
       7  MTREV+I+F         20     -1530.1625      3134.3250         1.6561    0.0498
       8  CPREV+I+F         20     -1530.2506      3134.5012         1.8323    0.0456
       9  FLU+I+G4+F        21     -1529.3700      3134.7399         2.0710    0.0405
      10  CPREV+G4+F        20     -1530.4278      3134.8555         2.1866    0.0382
--------------------------------------------------------------------------------
Best model according to AIC
---------------------------
Model:              FLU+I+F
lnL:                -1529.3345
Frequencies:        0.0778 0.0156 0.0366 0.0309 0.0019 0.0117 0.0175 0.0914 0.0331 0.0737 0.1154 0.0175 0.0652 0.0817 0.0547 0.0591 0.0739 0.0331 0.0370 0.0722
Inv. sites prop:    0.8751
Gamma shape:        -
Score:              3132.6689
Weight:             0.1140
---------------------------
Parameter importances
---------------------------
P.Inv:              0.3600
Gamma:              0.2695
Gamma-Inv:          0.1302
Frequencies:        0.9800
---------------------------
Model averaged estimates
---------------------------
P.Inv:              0.8781
Alpha:              0.0215
Alpha-P.Inv:        0.9660
P.Inv-Alpha:        0.7997
Frequencies:        0.0778 0.0156 0.0366 0.0309 0.0019 0.0117 0.0175 0.0914 0.0331 0.0737 0.1154 0.0175 0.0652 0.0817 0.0547 0.0591 0.0739 0.0331 0.0370 0.0722 

Commands:
  > phyml  -i E:\NEW PROJECTS\BUKU PYBIO\KODE\Bab 7\TRIMMED SEQS\Trimmed COX1 Bovines Protein.fasta -d aa -m FLU -f e -v e -a 0 -c 1 -o tlr
  > raxmlHPC-SSE3 -s E:\NEW PROJECTS\BUKU PYBIO\KODE\Bab 7\TRIMMED SEQS\Trimmed COX1 Bovines Protein.fasta -m PROTGAMMAIFLUF -n EXEC_NAME -p PARSIMONY_SEED
  > raxml-ng --msa E:\NEW PROJECTS\BUKU PYBIO\KODE\Bab 7\TRIMMED SEQS\Trimmed COX1 Bovines Protein.fasta --model FLU+I+FC
  > paup -s E:\NEW PROJECTS\BUKU PYBIO\KODE\Bab 7\TRIMMED SEQS\Trimmed COX1 Bovines Protein.fasta
  > iqtree -s E:\NEW PROJECTS\BUKU PYBIO\KODE\Bab 7\TRIMMED SEQS\Trimmed COX1 Bovines Protein.fasta -m FLU+I+F

AICc      model              K            lnL          score          delta    weight
--------------------------------------------------------------------------------
       1  FLU+I+F           20     -1529.3345      3137.6689         0.0000    0.1058
       2  MTMAM+I+F         20     -1529.4738      3137.9477         0.2788    0.0920
       3  FLU+G4+F          20     -1529.5754      3138.1509         0.4820    0.0831
       4  FLU+F             19     -1530.6659      3138.3318         0.6629    0.0759
       5  MTMAM+G4+F        20     -1529.7699      3138.5398         0.8709    0.0684
       6  MTZOA+I            1     -1550.8192      3138.6383         0.9694    0.0652
       7  MTMAM+F           19     -1530.9074      3138.8149         1.1460    0.0596
       8  MTREV+I+F         20     -1530.1625      3139.3250         1.6561    0.0462
       9  CPREV+I+F         20     -1530.2506      3139.5012         1.8323    0.0423
      10  CPREV+G4+F        20     -1530.4278      3139.8555         2.1866    0.0355
--------------------------------------------------------------------------------
Best model according to AICc
---------------------------
Model:              FLU+I+F
lnL:                -1529.3345
Frequencies:        0.0778 0.0156 0.0366 0.0309 0.0019 0.0117 0.0175 0.0914 0.0331 0.0737 0.1154 0.0175 0.0652 0.0817 0.0547 0.0591 0.0739 0.0331 0.0370 0.0722
Inv. sites prop:    0.8751
Gamma shape:        -
Score:              3137.6689
Weight:             0.1058
---------------------------
Parameter importances
---------------------------
P.Inv:              0.3949
Gamma:              0.2718
Gamma-Inv:          0.0999
Frequencies:        0.8632
---------------------------
Model averaged estimates
---------------------------
P.Inv:              0.8838
Alpha:              0.0215
Alpha-P.Inv:        0.8435
P.Inv-Alpha:        0.8185
Frequencies:        0.0778 0.0156 0.0366 0.0309 0.0019 0.0117 0.0175 0.0914 0.0331 0.0737 0.1154 0.0175 0.0652 0.0817 0.0547 0.0591 0.0739 0.0331 0.0370 0.0722 

Commands:
  > phyml  -i E:\NEW PROJECTS\BUKU PYBIO\KODE\Bab 7\TRIMMED SEQS\Trimmed COX1 Bovines Protein.fasta -d aa -m FLU -f e -v e -a 0 -c 1 -o tlr
  > raxmlHPC-SSE3 -s E:\NEW PROJECTS\BUKU PYBIO\KODE\Bab 7\TRIMMED SEQS\Trimmed COX1 Bovines Protein.fasta -m PROTGAMMAIFLUF -n EXEC_NAME -p PARSIMONY_SEED
  > raxml-ng --msa E:\NEW PROJECTS\BUKU PYBIO\KODE\Bab 7\TRIMMED SEQS\Trimmed COX1 Bovines Protein.fasta --model FLU+I+FC
  > paup -s E:\NEW PROJECTS\BUKU PYBIO\KODE\Bab 7\TRIMMED SEQS\Trimmed COX1 Bovines Protein.fasta
  > iqtree -s E:\NEW PROJECTS\BUKU PYBIO\KODE\Bab 7\TRIMMED SEQS\Trimmed COX1 Bovines Protein.fasta -m FLU+I+F

There are 5 different topologies
Topologies written to E:\NEW PROJECTS\BUKU PYBIO\KODE\Bab 7\MODEL REPORTS\Model Evolusi COX1 Bovines Protein.topos

topo_id   models_count   bic_support   aic_support   aicc_support
-----------------------------------------------------------------
      1             37       0.50435       0.24032       0.23340
      4             16       0.32699       0.01318       0.06899
      2             91       0.16867       0.69164       0.66674
      3              7       0.00000       0.05486       0.03087
      5              1       0.00000       0.00000       0.00000

extended majority-rule consensus: ((Ovis_aries_(QAU56454.1),(Capra_hircus_(ALP29892.1),Capra_hircus_(AJF41807.1))[1.00000])[0.50435],Ovis_aries_(QAU56428.1),(Tragulus_javanicus_(BBE28372.1),(Bos_taurus_isolate_115_(AIL54376.1),((Bos_taurus_isolate_7_(AGU00472.1),Bos_taurus_isolate_PRI18_(AFK75886.1))[1.00000],(Bos_taurus_isolate_3_(AGU00420.1),Bos_taurus_isolate_Bos34_(ABV70246.1))[0.67301])[0.67301])[1.00000])[1.00000]);
strict consensus: ((Capra_hircus_(ALP29892.1),Capra_hircus_(AJF41807.1))[1.00000],Ovis_aries_(QAU56454.1),Ovis_aries_(QAU56428.1),(Tragulus_javanicus_(BBE28372.1),(Bos_taurus_isolate_3_(AGU00420.1),Bos_taurus_isolate_115_(AIL54376.1),Bos_taurus_isolate_Bos34_(ABV70246.1),(Bos_taurus_isolate_7_(AGU00472.1),Bos_taurus_isolate_PRI18_(AFK75886.1))[1.00000])[1.00000])[1.00000]);

Summary:

Partition 1/1:
                         Model         Score        Weight
----------------------------------------------------------
       BIC               MTZOA     3213.8235        0.3556
       AIC             FLU+I+F     3132.6689        0.1140
      AICc             FLU+I+F     3137.6689        0.1058

Execution results written to E:\NEW PROJECTS\BUKU PYBIO\KODE\Bab 7\MODEL REPORTS\Model Evolusi COX1 Bovines Protein.out
Starting tree written to E:\NEW PROJECTS\BUKU PYBIO\KODE\Bab 7\MODEL REPORTS\Model Evolusi COX1 Bovines Protein.tree
